<?xml version="1.0" encoding="UTF-8"?>
<!-- Generated by org.testng.reporters.JUnitReportReporter -->
<testsuite hostname="DESKTOP-S1B90LE" failures="0" tests="1" name="com.automationexercise.PageTests.AccountCreatedPageTest" time="12.424" errors="0" timestamp="2024-06-30T15:08:53 GMT-06:00" skipped="0">
  <testcase classname="com.automationexercise.PageTests.AccountCreatedPageTest" name="validateAccountCreationFunctionality" time="12.424"/>
  <system-out/>
</testsuite> <!-- com.automationexercise.PageTests.AccountCreatedPageTest -->
